<?xml version="1.0" encoding="UTF-8"?>
<testsuite name="XXLChess.BoardTest" tests="1" skipped="0" failures="0" errors="0" timestamp="2023-05-19T07:10:02" hostname="192-168-1-204.tpgi.com.au" time="0.003">
  <properties/>
  <testcase name="getChessboardTest()" classname="XXLChess.BoardTest" time="0.003"/>
  <system-out><![CDATA[]]></system-out>
  <system-err><![CDATA[]]></system-err>
</testsuite>
