<?xml version="1.0" encoding="UTF-8"?>
<testsuite name="XXLChess.PlayerTest" tests="3" skipped="0" failures="0" errors="0" timestamp="2023-05-19T07:10:02" hostname="192-168-1-204.tpgi.com.au" time="0.011">
  <properties/>
  <testcase name="constructor()" classname="XXLChess.PlayerTest" time="0.003"/>
  <testcase name="addToPileTest()" classname="XXLChess.PlayerTest" time="0.004"/>
  <testcase name="getisWhiteTest()" classname="XXLChess.PlayerTest" time="0.001"/>
  <system-out><![CDATA[]]></system-out>
  <system-err><![CDATA[]]></system-err>
</testsuite>
