<?xml version="1.0" encoding="UTF-8"?>
<testsuite name="XXLChess.TileTest" tests="1" skipped="0" failures="0" errors="0" timestamp="2023-05-19T07:10:02" hostname="192-168-1-204.tpgi.com.au" time="0.002">
  <properties/>
  <testcase name="constructor()" classname="XXLChess.TileTest" time="0.002"/>
  <system-out><![CDATA[]]></system-out>
  <system-err><![CDATA[]]></system-err>
</testsuite>
